# JRE version: Java(TM) SE Runtime Environment (8.0_92-b14) (build 1.8.0_92-b14)
# Java VM: Java HotSpot(TM) 64-Bit Server VM (25.92-b14 mixed mode windows-amd64 compressed oops)
Heap:
 PSYoungGen      total 260096K, used 191201K [0x00000000eab00000, 0x00000000ffa00000, 0x0000000100000000)
  eden space 180736K, 100% used [0x00000000eab00000,0x00000000f5b80000,0x00000000f5b80000)
  from space 79360K, 13% used [0x00000000f5b80000,0x00000000f65b8690,0x00000000fa900000)
  to   space 74752K, 12% used [0x00000000fb100000,0x00000000fba70000,0x00000000ffa00000)
 ParOldGen       total 407040K, used 274406K [0x00000000c0000000, 0x00000000d8d80000, 0x00000000eab00000)
  object space 407040K, 67% used [0x00000000c0000000,0x00000000d0bf9890,0x00000000d8d80000)
 Metaspace       used 91600K, capacity 95758K, committed 102616K, reserved 1138688K
  class space    used 11503K, capacity 12031K, committed 13528K, reserved 1048576K
GC Heap History (10 events):
Event: 9898.866 GC heap after
Heap after GC invocations=107 (full 23):
 PSYoungGen      total 253440K, used 1498K [0x00000000eab00000, 0x00000000ff800000, 0x0000000100000000)
  eden space 169984K, 0% used [0x00000000eab00000,0x00000000eab00000,0x00000000f5100000)
  from space 83456K, 1% used [0x00000000fa680000,0x00000000fa7f6b88,0x00000000ff800000)
  to   space 85504K, 0% used [0x00000000f5100000,0x00000000f5100000,0x00000000fa480000)
 ParOldGen       total 407040K, used 273431K [0x00000000c0000000, 0x00000000d8d80000, 0x00000000eab00000)
  object space 407040K, 67% used [0x00000000c0000000,0x00000000d0b05d00,0x00000000d8d80000)
 Metaspace       used 89660K, capacity 93608K, committed 102488K, reserved 1138688K
  class space    used 11150K, capacity 11655K, committed 13400K, reserved 1048576K
}
Event: 9898.866 GC heap before
{Heap before GC invocations=108 (full 24):
 PSYoungGen      total 253440K, used 1498K [0x00000000eab00000, 0x00000000ff800000, 0x0000000100000000)
  eden space 169984K, 0% used [0x00000000eab00000,0x00000000eab00000,0x00000000f5100000)
  from space 83456K, 1% used [0x00000000fa680000,0x00000000fa7f6b88,0x00000000ff800000)
  to   space 85504K, 0% used [0x00000000f5100000,0x00000000f5100000,0x00000000fa480000)
 ParOldGen       total 407040K, used 273431K [0x00000000c0000000, 0x00000000d8d80000, 0x00000000eab00000)
  object space 407040K, 67% used [0x00000000c0000000,0x00000000d0b05d00,0x00000000d8d80000)
 Metaspace       used 89660K, capacity 93608K, committed 102488K, reserved 1138688K
  class space    used 11150K, capacity 11655K, committed 13400K, reserved 1048576K
Event: 9940.829 GC heap after
Heap after GC invocations=108 (full 24):
 PSYoungGen      total 253440K, used 0K [0x00000000eab00000, 0x00000000ff800000, 0x0000000100000000)
  eden space 169984K, 0% used [0x00000000eab00000,0x00000000eab00000,0x00000000f5100000)
  from space 83456K, 0% used [0x00000000fa680000,0x00000000fa680000,0x00000000ff800000)
  to   space 85504K, 0% used [0x00000000f5100000,0x00000000f5100000,0x00000000fa480000)
 ParOldGen       total 407040K, used 264472K [0x00000000c0000000, 0x00000000d8d80000, 0x00000000eab00000)
  object space 407040K, 64% used [0x00000000c0000000,0x00000000d0246080,0x00000000d8d80000)
 Metaspace       used 88638K, capacity 91686K, committed 102488K, reserved 1138688K
  class space    used 10912K, capacity 11220K, committed 13400K, reserved 1048576K
}
Event: 10448.653 GC heap before
{Heap before GC invocations=109 (full 24):
 PSYoungGen      total 253440K, used 169984K [0x00000000eab00000, 0x00000000ff800000, 0x0000000100000000)
  eden space 169984K, 100% used [0x00000000eab00000,0x00000000f5100000,0x00000000f5100000)
  from space 83456K, 0% used [0x00000000fa680000,0x00000000fa680000,0x00000000ff800000)
  to   space 85504K, 0% used [0x00000000f5100000,0x00000000f5100000,0x00000000fa480000)
 ParOldGen       total 407040K, used 264472K [0x00000000c0000000, 0x00000000d8d80000, 0x00000000eab00000)
  object space 407040K, 64% used [0x00000000c0000000,0x00000000d0246080,0x00000000d8d80000)
 Metaspace       used 89287K, capacity 92862K, committed 102488K, reserved 1138688K
  class space    used 11027K, capacity 11411K, committed 13400K, reserved 1048576K
Event: 10448.864 GC heap after
Heap after GC invocations=109 (full 24):
 PSYoungGen      total 255488K, used 2688K [0x00000000eab00000, 0x00000000ffd00000, 0x0000000100000000)
  eden space 169984K, 0% used [0x00000000eab00000,0x00000000eab00000,0x00000000f5100000)
  from space 85504K, 3% used [0x00000000f5100000,0x00000000f53a0040,0x00000000fa480000)
  to   space 82944K, 0% used [0x00000000fac00000,0x00000000fac00000,0x00000000ffd00000)
 ParOldGen       total 407040K, used 264480K [0x00000000c0000000, 0x00000000d8d80000, 0x00000000eab00000)
  object space 407040K, 64% used [0x00000000c0000000,0x00000000d0248080,0x00000000d8d80000)
 Metaspace       used 89287K, capacity 92862K, committed 102488K, reserved 1138688K
  class space    used 11027K, capacity 11411K, committed 13400K, reserved 1048576K
}
Event: 10460.343 GC heap before
{Heap before GC invocations=110 (full 24):
 PSYoungGen      total 255488K, used 172672K [0x00000000eab00000, 0x00000000ffd00000, 0x0000000100000000)
  eden space 169984K, 100% used [0x00000000eab00000,0x00000000f5100000,0x00000000f5100000)
  from space 85504K, 3% used [0x00000000f5100000,0x00000000f53a0040,0x00000000fa480000)
  to   space 82944K, 0% used [0x00000000fac00000,0x00000000fac00000,0x00000000ffd00000)
 ParOldGen       total 407040K, used 264480K [0x00000000c0000000, 0x00000000d8d80000, 0x00000000eab00000)
  object space 407040K, 64% used [0x00000000c0000000,0x00000000d0248080,0x00000000d8d80000)
 Metaspace       used 89512K, capacity 93324K, committed 102488K, reserved 1138688K
  class space    used 11074K, capacity 11466K, committed 13400K, reserved 1048576K
Event: 10461.065 GC heap after
Heap after GC invocations=110 (full 24):
 PSYoungGen      total 257024K, used 5632K [0x00000000eab00000, 0x00000000ff680000, 0x0000000100000000)
  eden space 180736K, 0% used [0x00000000eab00000,0x00000000eab00000,0x00000000f5b80000)
  from space 76288K, 7% used [0x00000000fac00000,0x00000000fb180010,0x00000000ff680000)
  to   space 79360K, 0% used [0x00000000f5b80000,0x00000000f5b80000,0x00000000fa900000)
 ParOldGen       total 407040K, used 265888K [0x00000000c0000000, 0x00000000d8d80000, 0x00000000eab00000)
  object space 407040K, 65% used [0x00000000c0000000,0x00000000d03a8200,0x00000000d8d80000)
 Metaspace       used 89512K, capacity 93324K, committed 102488K, reserved 1138688K
  class space    used 11074K, capacity 11466K, committed 13400K, reserved 1048576K
}
Event: 10482.081 GC heap before
{Heap before GC invocations=111 (full 24):
 PSYoungGen      total 257024K, used 186368K [0x00000000eab00000, 0x00000000ff680000, 0x0000000100000000)
  eden space 180736K, 100% used [0x00000000eab00000,0x00000000f5b80000,0x00000000f5b80000)
  from space 76288K, 7% used [0x00000000fac00000,0x00000000fb180010,0x00000000ff680000)
  to   space 79360K, 0% used [0x00000000f5b80000,0x00000000f5b80000,0x00000000fa900000)
 ParOldGen       total 407040K, used 265888K [0x00000000c0000000, 0x00000000d8d80000, 0x00000000eab00000)
  object space 407040K, 65% used [0x00000000c0000000,0x00000000d03a8200,0x00000000d8d80000)
 Metaspace       used 89742K, capacity 93478K, committed 102488K, reserved 1138688K
  class space    used 11107K, capacity 11481K, committed 13400K, reserved 1048576K
Event: 10487.013 GC heap after
Heap after GC invocations=111 (full 24):
 PSYoungGen      total 260096K, used 10465K [0x00000000eab00000, 0x00000000ffa00000, 0x0000000100000000)
  eden space 180736K, 0% used [0x00000000eab00000,0x00000000eab00000,0x00000000f5b80000)
  from space 79360K, 13% used [0x00000000f5b80000,0x00000000f65b8690,0x00000000fa900000)
  to   space 74752K, 0% used [0x00000000fb100000,0x00000000fb100000,0x00000000ffa00000)
 ParOldGen       total 407040K, used 270197K [0x00000000c0000000, 0x00000000d8d80000, 0x00000000eab00000)
  object space 407040K, 66% used [0x00000000c0000000,0x00000000d07dd660,0x00000000d8d80000)
 Metaspace       used 89742K, capacity 93478K, committed 102488K, reserved 1138688K
  class space    used 11107K, capacity 11481K, committed 13400K, reserved 1048576K
}
Event: 10499.887 GC heap before
{Heap before GC invocations=112 (full 24):
 PSYoungGen      total 260096K, used 191201K [0x00000000eab00000, 0x00000000ffa00000, 0x0000000100000000)
  eden space 180736K, 100% used [0x00000000eab00000,0x00000000f5b80000,0x00000000f5b80000)
  from space 79360K, 13% used [0x00000000f5b80000,0x00000000f65b8690,0x00000000fa900000)
  to   space 74752K, 0% used [0x00000000fb100000,0x00000000fb100000,0x00000000ffa00000)
 ParOldGen       total 407040K, used 270197K [0x00000000c0000000, 0x00000000d8d80000, 0x00000000eab00000)
  object space 407040K, 66% used [0x00000000c0000000,0x00000000d07dd660,0x00000000d8d80000)
 Metaspace       used 91600K, capacity 95758K, committed 102616K, reserved 1138688K
  class space    used 11503K, capacity 12031K, committed 13528K, reserved 1048576K

