# JRE version: Java(TM) SE Runtime Environment (7.0_55-b13) (build 1.7.0_55-b13)
# Java VM: Java HotSpot(TM) 64-Bit Server VM (24.55-b03 mixed mode windows-amd64 compressed oops)
Heap
 PSYoungGen      total 112640K, used 75497K [0x00000000eaa80000, 0x00000000f9580000, 0x0000000100000000)
  eden space 98816K, 62% used [0x00000000eaa80000,0x00000000ee6bedd8,0x00000000f0b00000)
  from space 13824K, 99% used [0x00000000f0b00000,0x00000000f187ba08,0x00000000f1880000)
  to   space 21504K, 0% used [0x00000000f8080000,0x00000000f8080000,0x00000000f9580000)
 ParOldGen       total 64512K, used 34015K [0x00000000c0000000, 0x00000000c3f00000, 0x00000000eaa80000)
  object space 64512K, 52% used [0x00000000c0000000,0x00000000c2137e38,0x00000000c3f00000)
 PSPermGen       total 21504K, used 5919K [0x00000000bae00000, 0x00000000bc300000, 0x00000000c0000000)
  object space 21504K, 27% used [0x00000000bae00000,0x00000000bb3c7cd8,0x00000000bc300000)
GC Heap History (10 events):
Event: 6.413 GC heap before
{Heap before GC invocations=3 (full 0):
 PSYoungGen      total 28672K, used 28650K [0x00000000eaa80000, 0x00000000ee280000, 0x0000000100000000)
  eden space 25088K, 100% used [0x00000000eaa80000,0x00000000ec300000,0x00000000ec300000)
  from space 3584K, 99% used [0x00000000ec680000,0x00000000ec9fa878,0x00000000eca00000)
  to   space 3584K, 0% used [0x00000000ec300000,0x00000000ec300000,0x00000000ec680000)
 ParOldGen       total 64512K, used 5409K [0x00000000c0000000, 0x00000000c3f00000, 0x00000000eaa80000)
  object space 64512K, 8% used [0x00000000c0000000,0x00000000c0548668,0x00000000c3f00000)
 PSPermGen       total 21504K, used 5566K [0x00000000bae00000, 0x00000000bc300000, 0x00000000c0000000)
  object space 21504K, 25% used [0x00000000bae00000,0x00000000bb36fa48,0x00000000bc300000)
Event: 6.550 GC heap after
Heap after GC invocations=3 (full 0):
 PSYoungGen      total 28672K, used 3577K [0x00000000eaa80000, 0x00000000ee280000, 0x0000000100000000)
  eden space 25088K, 0% used [0x00000000eaa80000,0x00000000eaa80000,0x00000000ec300000)
  from space 3584K, 99% used [0x00000000ec300000,0x00000000ec67e770,0x00000000ec680000)
  to   space 3584K, 0% used [0x00000000edf00000,0x00000000edf00000,0x00000000ee280000)
 ParOldGen       total 64512K, used 8753K [0x00000000c0000000, 0x00000000c3f00000, 0x00000000eaa80000)
  object space 64512K, 13% used [0x00000000c0000000,0x00000000c088c630,0x00000000c3f00000)
 PSPermGen       total 21504K, used 5566K [0x00000000bae00000, 0x00000000bc300000, 0x00000000c0000000)
  object space 21504K, 25% used [0x00000000bae00000,0x00000000bb36fa48,0x00000000bc300000)
}
Event: 7.372 GC heap before
{Heap before GC invocations=4 (full 0):
 PSYoungGen      total 28672K, used 28665K [0x00000000eaa80000, 0x00000000ee280000, 0x0000000100000000)
  eden space 25088K, 100% used [0x00000000eaa80000,0x00000000ec300000,0x00000000ec300000)
  from space 3584K, 99% used [0x00000000ec300000,0x00000000ec67e770,0x00000000ec680000)
  to   space 3584K, 0% used [0x00000000edf00000,0x00000000edf00000,0x00000000ee280000)
 ParOldGen       total 64512K, used 8753K [0x00000000c0000000, 0x00000000c3f00000, 0x00000000eaa80000)
  object space 64512K, 13% used [0x00000000c0000000,0x00000000c088c630,0x00000000c3f00000)
 PSPermGen       total 21504K, used 5589K [0x00000000bae00000, 0x00000000bc300000, 0x00000000c0000000)
  object space 21504K, 25% used [0x00000000bae00000,0x00000000bb3755d8,0x00000000bc300000)
Event: 7.466 GC heap after
Heap after GC invocations=4 (full 0):
 PSYoungGen      total 53760K, used 3565K [0x00000000eaa80000, 0x00000000ee280000, 0x0000000100000000)
  eden space 50176K, 0% used [0x00000000eaa80000,0x00000000eaa80000,0x00000000edb80000)
  from space 3584K, 99% used [0x00000000edf00000,0x00000000ee27b460,0x00000000ee280000)
  to   space 3584K, 0% used [0x00000000edb80000,0x00000000edb80000,0x00000000edf00000)
 ParOldGen       total 64512K, used 13227K [0x00000000c0000000, 0x00000000c3f00000, 0x00000000eaa80000)
  object space 64512K, 20% used [0x00000000c0000000,0x00000000c0ceae60,0x00000000c3f00000)
 PSPermGen       total 21504K, used 5589K [0x00000000bae00000, 0x00000000bc300000, 0x00000000c0000000)
  object space 21504K, 25% used [0x00000000bae00000,0x00000000bb3755d8,0x00000000bc300000)
}
Event: 9.202 GC heap before
{Heap before GC invocations=5 (full 0):
 PSYoungGen      total 53760K, used 53741K [0x00000000eaa80000, 0x00000000ee280000, 0x0000000100000000)
  eden space 50176K, 100% used [0x00000000eaa80000,0x00000000edb80000,0x00000000edb80000)
  from space 3584K, 99% used [0x00000000edf00000,0x00000000ee27b460,0x00000000ee280000)
  to   space 3584K, 0% used [0x00000000edb80000,0x00000000edb80000,0x00000000edf00000)
 ParOldGen       total 64512K, used 13227K [0x00000000c0000000, 0x00000000c3f00000, 0x00000000eaa80000)
  object space 64512K, 20% used [0x00000000c0000000,0x00000000c0ceae60,0x00000000c3f00000)
 PSPermGen       total 21504K, used 5625K [0x00000000bae00000, 0x00000000bc300000, 0x00000000c0000000)
  object space 21504K, 26% used [0x00000000bae00000,0x00000000bb37e418,0x00000000bc300000)
Event: 9.325 GC heap after
Heap after GC invocations=5 (full 0):
 PSYoungGen      total 53760K, used 3571K [0x00000000eaa80000, 0x00000000f2480000, 0x0000000100000000)
  eden space 50176K, 0% used [0x00000000eaa80000,0x00000000eaa80000,0x00000000edb80000)
  from space 3584K, 99% used [0x00000000edb80000,0x00000000edefce60,0x00000000edf00000)
  to   space 12288K, 0% used [0x00000000f1880000,0x00000000f1880000,0x00000000f2480000)
 ParOldGen       total 64512K, used 21786K [0x00000000c0000000, 0x00000000c3f00000, 0x00000000eaa80000)
  object space 64512K, 33% used [0x00000000c0000000,0x00000000c1546840,0x00000000c3f00000)
 PSPermGen       total 21504K, used 5625K [0x00000000bae00000, 0x00000000bc300000, 0x00000000c0000000)
  object space 21504K, 26% used [0x00000000bae00000,0x00000000bb37e418,0x00000000bc300000)
}
Event: 10.537 GC heap before
{Heap before GC invocations=6 (full 0):
 PSYoungGen      total 53760K, used 53747K [0x00000000eaa80000, 0x00000000f2480000, 0x0000000100000000)
  eden space 50176K, 100% used [0x00000000eaa80000,0x00000000edb80000,0x00000000edb80000)
  from space 3584K, 99% used [0x00000000edb80000,0x00000000edefce60,0x00000000edf00000)
  to   space 12288K, 0% used [0x00000000f1880000,0x00000000f1880000,0x00000000f2480000)
 ParOldGen       total 64512K, used 21786K [0x00000000c0000000, 0x00000000c3f00000, 0x00000000eaa80000)
  object space 64512K, 33% used [0x00000000c0000000,0x00000000c1546840,0x00000000c3f00000)
 PSPermGen       total 21504K, used 5648K [0x00000000bae00000, 0x00000000bc300000, 0x00000000c0000000)
  object space 21504K, 26% used [0x00000000bae00000,0x00000000bb3841a0,0x00000000bc300000)
Event: 10.603 GC heap after
Heap after GC invocations=6 (full 0):
 PSYoungGen      total 111104K, used 11468K [0x00000000eaa80000, 0x00000000f2780000, 0x0000000100000000)
  eden space 98816K, 0% used [0x00000000eaa80000,0x00000000eaa80000,0x00000000f0b00000)
  from space 12288K, 93% used [0x00000000f1880000,0x00000000f23b3350,0x00000000f2480000)
  to   space 13824K, 0% used [0x00000000f0b00000,0x00000000f0b00000,0x00000000f1880000)
 ParOldGen       total 64512K, used 21786K [0x00000000c0000000, 0x00000000c3f00000, 0x00000000eaa80000)
  object space 64512K, 33% used [0x00000000c0000000,0x00000000c1546840,0x00000000c3f00000)
 PSPermGen       total 21504K, used 5648K [0x00000000bae00000, 0x00000000bc300000, 0x00000000c0000000)
  object space 21504K, 26% used [0x00000000bae00000,0x00000000bb3841a0,0x00000000bc300000)
}
Event: 12.197 GC heap before
{Heap before GC invocations=7 (full 0):
 PSYoungGen      total 111104K, used 110284K [0x00000000eaa80000, 0x00000000f2780000, 0x0000000100000000)
  eden space 98816K, 100% used [0x00000000eaa80000,0x00000000f0b00000,0x00000000f0b00000)
  from space 12288K, 93% used [0x00000000f1880000,0x00000000f23b3350,0x00000000f2480000)
  to   space 13824K, 0% used [0x00000000f0b00000,0x00000000f0b00000,0x00000000f1880000)
 ParOldGen       total 64512K, used 21786K [0x00000000c0000000, 0x00000000c3f00000, 0x00000000eaa80000)
  object space 64512K, 33% used [0x00000000c0000000,0x00000000c1546840,0x00000000c3f00000)
 PSPermGen       total 21504K, used 5709K [0x00000000bae00000, 0x00000000bc300000, 0x00000000c0000000)
  object space 21504K, 26% used [0x00000000bae00000,0x00000000bb393450,0x00000000bc300000)
Event: 12.386 GC heap after
Heap after GC invocations=7 (full 0):
 PSYoungGen      total 112640K, used 13806K [0x00000000eaa80000, 0x00000000f9580000, 0x0000000100000000)
  eden space 98816K, 0% used [0x00000000eaa80000,0x00000000eaa80000,0x00000000f0b00000)
  from space 13824K, 99% used [0x00000000f0b00000,0x00000000f187ba08,0x00000000f1880000)
  to   space 21504K, 0% used [0x00000000f8080000,0x00000000f8080000,0x00000000f9580000)
 ParOldGen       total 64512K, used 34015K [0x00000000c0000000, 0x00000000c3f00000, 0x00000000eaa80000)
  object space 64512K, 52% used [0x00000000c0000000,0x00000000c2137e38,0x00000000c3f00000)
 PSPermGen       total 21504K, used 5709K [0x00000000bae00000, 0x00000000bc300000, 0x00000000c0000000)
  object space 21504K, 26% used [0x00000000bae00000,0x00000000bb393450,0x00000000bc300000)
}

